2023-02-22 18:45:23,998 CRIT Supervisor is running as root.  Privileges were not dropped because no user is specified in the config file.  If you intend to run as root, you can set user=root in the config file to avoid this message.
2023-02-22 18:45:24,002 INFO supervisord started with pid 1
2023-02-22 18:45:25,005 INFO spawned: 'dspaceAngular' with pid 8
2023-02-22 18:45:26,023 INFO success: dspaceAngular entered RUNNING state, process has stayed up for > than 1 seconds (startsecs)
2023-02-22 19:06:06,837 WARN received SIGTERM indicating exit request
2023-02-22 19:06:06,838 INFO waiting for dspaceAngular to die
2023-02-22 19:06:06,853 INFO stopped: dspaceAngular (terminated by SIGTERM)
2023-02-22 19:06:06,853 INFO reaped unknown pid 43
2023-02-22 19:06:06,854 INFO reaped unknown pid 14
2023-02-22 19:06:06,854 INFO reaped unknown pid 42
2023-02-22 19:06:07,933 CRIT Supervisor is running as root.  Privileges were not dropped because no user is specified in the config file.  If you intend to run as root, you can set user=root in the config file to avoid this message.
2023-02-22 19:06:07,937 INFO supervisord started with pid 1
2023-02-22 19:06:08,940 INFO spawned: 'dspaceAngular' with pid 9
2023-02-22 19:06:09,966 INFO success: dspaceAngular entered RUNNING state, process has stayed up for > than 1 seconds (startsecs)
2023-02-22 19:25:15,405 WARN received SIGTERM indicating exit request
2023-02-22 19:25:15,407 INFO waiting for dspaceAngular to die
2023-02-22 19:25:15,424 INFO stopped: dspaceAngular (terminated by SIGTERM)
2023-02-22 19:25:15,424 INFO reaped unknown pid 39
2023-02-22 19:25:15,424 INFO reaped unknown pid 10
2023-02-22 19:25:15,424 INFO reaped unknown pid 38
2023-02-22 19:25:17,151 CRIT Supervisor is running as root.  Privileges were not dropped because no user is specified in the config file.  If you intend to run as root, you can set user=root in the config file to avoid this message.
2023-02-22 19:25:17,156 INFO supervisord started with pid 1
2023-02-22 19:25:18,158 INFO spawned: 'dspaceAngular' with pid 8
2023-02-22 19:25:19,311 INFO success: dspaceAngular entered RUNNING state, process has stayed up for > than 1 seconds (startsecs)
2023-02-22 19:33:30,873 WARN received SIGTERM indicating exit request
2023-02-22 19:33:30,876 INFO waiting for dspaceAngular to die
2023-02-22 19:33:30,886 INFO stopped: dspaceAngular (terminated by SIGTERM)
2023-02-22 19:33:30,886 INFO reaped unknown pid 38
2023-02-22 19:33:30,886 INFO reaped unknown pid 9
2023-02-22 19:33:30,886 INFO reaped unknown pid 37
2023-02-22 19:33:31,844 CRIT Supervisor is running as root.  Privileges were not dropped because no user is specified in the config file.  If you intend to run as root, you can set user=root in the config file to avoid this message.
2023-02-22 19:33:31,847 INFO supervisord started with pid 1
2023-02-22 19:33:32,849 INFO spawned: 'dspaceAngular' with pid 8
2023-02-22 19:33:34,170 INFO success: dspaceAngular entered RUNNING state, process has stayed up for > than 1 seconds (startsecs)
2023-02-22 19:35:06,535 WARN received SIGTERM indicating exit request
2023-02-22 19:35:06,536 INFO waiting for dspaceAngular to die
2023-02-22 19:35:06,547 INFO stopped: dspaceAngular (terminated by SIGTERM)
2023-02-22 19:35:06,547 INFO reaped unknown pid 38
2023-02-22 19:35:06,547 INFO reaped unknown pid 9
2023-02-22 19:35:06,547 INFO reaped unknown pid 37
2023-02-22 19:35:07,510 CRIT Supervisor is running as root.  Privileges were not dropped because no user is specified in the config file.  If you intend to run as root, you can set user=root in the config file to avoid this message.
2023-02-22 19:35:07,513 INFO supervisord started with pid 1
2023-02-22 19:35:08,515 INFO spawned: 'dspaceAngular' with pid 8
2023-02-22 19:35:09,521 INFO success: dspaceAngular entered RUNNING state, process has stayed up for > than 1 seconds (startsecs)
2023-02-22 19:55:15,219 CRIT Supervisor is running as root.  Privileges were not dropped because no user is specified in the config file.  If you intend to run as root, you can set user=root in the config file to avoid this message.
2023-02-22 19:55:15,225 INFO supervisord started with pid 1
2023-02-22 19:55:16,228 INFO spawned: 'dspaceAngular' with pid 8
2023-02-22 19:55:17,251 INFO success: dspaceAngular entered RUNNING state, process has stayed up for > than 1 seconds (startsecs)
2023-02-22 20:05:33,518 WARN received SIGTERM indicating exit request
2023-02-22 20:05:33,528 INFO waiting for dspaceAngular to die
2023-02-22 20:05:33,540 INFO stopped: dspaceAngular (terminated by SIGTERM)
2023-02-22 20:05:33,540 INFO reaped unknown pid 46
2023-02-22 20:05:33,540 INFO reaped unknown pid 17
2023-02-22 20:05:33,540 INFO reaped unknown pid 45
2023-02-22 20:05:35,036 CRIT Supervisor is running as root.  Privileges were not dropped because no user is specified in the config file.  If you intend to run as root, you can set user=root in the config file to avoid this message.
2023-02-22 20:05:35,042 INFO supervisord started with pid 1
2023-02-22 20:05:36,045 INFO spawned: 'dspaceAngular' with pid 9
2023-02-22 20:05:37,142 INFO success: dspaceAngular entered RUNNING state, process has stayed up for > than 1 seconds (startsecs)
2023-02-22 20:54:38,079 WARN received SIGTERM indicating exit request
2023-02-22 20:54:38,082 INFO waiting for dspaceAngular to die
2023-02-22 20:54:38,100 INFO stopped: dspaceAngular (terminated by SIGTERM)
2023-02-22 20:54:38,100 INFO reaped unknown pid 10
2023-02-22 20:54:38,100 INFO reaped unknown pid 39
2023-02-22 20:54:38,100 INFO reaped unknown pid 38
2023-02-22 20:54:39,580 CRIT Supervisor is running as root.  Privileges were not dropped because no user is specified in the config file.  If you intend to run as root, you can set user=root in the config file to avoid this message.
2023-02-22 20:54:39,584 INFO supervisord started with pid 1
2023-02-22 20:54:40,586 INFO spawned: 'dspaceAngular' with pid 9
2023-02-22 20:54:41,659 INFO success: dspaceAngular entered RUNNING state, process has stayed up for > than 1 seconds (startsecs)
2023-02-23 10:07:11,136 CRIT Supervisor is running as root.  Privileges were not dropped because no user is specified in the config file.  If you intend to run as root, you can set user=root in the config file to avoid this message.
2023-02-23 10:07:11,204 INFO supervisord started with pid 1
2023-02-23 10:07:12,236 INFO spawned: 'dspaceAngular' with pid 8
2023-02-23 10:07:13,300 INFO success: dspaceAngular entered RUNNING state, process has stayed up for > than 1 seconds (startsecs)
2023-02-23 11:09:57,260 CRIT Supervisor is running as root.  Privileges were not dropped because no user is specified in the config file.  If you intend to run as root, you can set user=root in the config file to avoid this message.
2023-02-23 11:09:57,316 INFO supervisord started with pid 1
2023-02-23 11:09:58,330 INFO spawned: 'dspaceAngular' with pid 8
2023-02-23 11:09:59,402 INFO success: dspaceAngular entered RUNNING state, process has stayed up for > than 1 seconds (startsecs)
2023-02-23 17:16:58,878 WARN received SIGTERM indicating exit request
2023-02-23 17:16:58,884 INFO waiting for dspaceAngular to die
2023-02-23 17:16:58,905 INFO stopped: dspaceAngular (terminated by SIGTERM)
2023-02-23 17:16:58,905 INFO reaped unknown pid 38
2023-02-23 17:17:00,093 CRIT Supervisor is running as root.  Privileges were not dropped because no user is specified in the config file.  If you intend to run as root, you can set user=root in the config file to avoid this message.
2023-02-23 17:17:00,097 INFO supervisord started with pid 1
2023-02-23 17:17:01,100 INFO spawned: 'dspaceAngular' with pid 8
2023-02-23 17:17:02,369 INFO success: dspaceAngular entered RUNNING state, process has stayed up for > than 1 seconds (startsecs)
2023-02-23 17:21:18,911 WARN received SIGTERM indicating exit request
2023-02-23 17:21:18,912 INFO waiting for dspaceAngular to die
2023-02-23 17:21:18,927 INFO stopped: dspaceAngular (terminated by SIGTERM)
2023-02-23 17:21:18,927 INFO reaped unknown pid 38
2023-02-23 17:21:20,414 CRIT Supervisor is running as root.  Privileges were not dropped because no user is specified in the config file.  If you intend to run as root, you can set user=root in the config file to avoid this message.
2023-02-23 17:21:20,418 INFO supervisord started with pid 1
2023-02-23 17:21:21,420 INFO spawned: 'dspaceAngular' with pid 8
2023-02-23 17:21:22,538 INFO success: dspaceAngular entered RUNNING state, process has stayed up for > than 1 seconds (startsecs)
2023-02-23 17:27:34,101 WARN received SIGTERM indicating exit request
2023-02-23 17:27:34,101 INFO waiting for dspaceAngular to die
2023-02-23 17:27:34,113 INFO stopped: dspaceAngular (terminated by SIGTERM)
2023-02-23 17:27:34,113 INFO reaped unknown pid 38
2023-02-23 17:27:34,972 CRIT Supervisor is running as root.  Privileges were not dropped because no user is specified in the config file.  If you intend to run as root, you can set user=root in the config file to avoid this message.
2023-02-23 17:27:34,974 INFO supervisord started with pid 1
2023-02-23 17:27:35,976 INFO spawned: 'dspaceAngular' with pid 8
2023-02-23 17:27:37,002 INFO success: dspaceAngular entered RUNNING state, process has stayed up for > than 1 seconds (startsecs)
2023-02-23 17:35:01,674 WARN received SIGTERM indicating exit request
2023-02-23 17:35:01,675 INFO waiting for dspaceAngular to die
2023-02-23 17:35:01,691 INFO stopped: dspaceAngular (terminated by SIGTERM)
2023-02-23 17:35:01,691 INFO reaped unknown pid 38
2023-02-23 17:35:01,692 INFO reaped unknown pid 9
2023-02-23 17:35:01,692 INFO reaped unknown pid 37
2023-02-23 17:35:03,358 CRIT Supervisor is running as root.  Privileges were not dropped because no user is specified in the config file.  If you intend to run as root, you can set user=root in the config file to avoid this message.
2023-02-23 17:35:03,362 INFO supervisord started with pid 1
2023-02-23 17:35:04,365 INFO spawned: 'dspaceAngular' with pid 8
2023-02-23 17:35:05,432 INFO success: dspaceAngular entered RUNNING state, process has stayed up for > than 1 seconds (startsecs)
2023-02-23 18:03:08,047 WARN received SIGTERM indicating exit request
2023-02-23 18:03:08,049 INFO waiting for dspaceAngular to die
2023-02-23 18:03:08,062 INFO stopped: dspaceAngular (terminated by SIGTERM)
2023-02-23 18:03:08,062 INFO reaped unknown pid 38
2023-02-23 18:03:08,062 INFO reaped unknown pid 9
2023-02-23 18:03:08,062 INFO reaped unknown pid 37
2023-02-23 18:03:09,610 CRIT Supervisor is running as root.  Privileges were not dropped because no user is specified in the config file.  If you intend to run as root, you can set user=root in the config file to avoid this message.
2023-02-23 18:03:09,615 INFO supervisord started with pid 1
2023-02-23 18:03:10,616 INFO spawned: 'dspaceAngular' with pid 8
2023-02-23 18:03:11,696 INFO success: dspaceAngular entered RUNNING state, process has stayed up for > than 1 seconds (startsecs)
2023-02-24 08:24:34,600 CRIT Supervisor is running as root.  Privileges were not dropped because no user is specified in the config file.  If you intend to run as root, you can set user=root in the config file to avoid this message.
2023-02-24 08:24:34,602 INFO supervisord started with pid 1
2023-02-24 08:24:35,606 INFO spawned: 'dspaceAngular' with pid 8
2023-02-24 08:24:36,622 INFO success: dspaceAngular entered RUNNING state, process has stayed up for > than 1 seconds (startsecs)
2023-02-24 08:27:16,985 WARN received SIGTERM indicating exit request
2023-02-24 08:27:16,985 INFO waiting for dspaceAngular to die
2023-02-24 08:27:17,005 INFO stopped: dspaceAngular (terminated by SIGTERM)
2023-02-24 08:27:17,005 INFO reaped unknown pid 46
2023-02-24 08:27:17,005 INFO reaped unknown pid 17
2023-02-24 08:27:17,005 INFO reaped unknown pid 45
2023-02-24 08:27:18,179 CRIT Supervisor is running as root.  Privileges were not dropped because no user is specified in the config file.  If you intend to run as root, you can set user=root in the config file to avoid this message.
2023-02-24 08:27:18,181 INFO supervisord started with pid 1
2023-02-24 08:27:19,184 INFO spawned: 'dspaceAngular' with pid 8
2023-02-24 08:27:20,183 INFO success: dspaceAngular entered RUNNING state, process has stayed up for > than 1 seconds (startsecs)
2023-02-24 08:27:59,368 CRIT Supervisor is running as root.  Privileges were not dropped because no user is specified in the config file.  If you intend to run as root, you can set user=root in the config file to avoid this message.
2023-02-24 08:27:59,370 INFO supervisord started with pid 1
2023-02-24 08:28:00,374 INFO spawned: 'dspaceAngular' with pid 8
2023-02-24 08:28:01,389 INFO success: dspaceAngular entered RUNNING state, process has stayed up for > than 1 seconds (startsecs)
2023-02-24 08:31:31,049 WARN received SIGTERM indicating exit request
2023-02-24 08:31:31,050 INFO waiting for dspaceAngular to die
2023-02-24 08:31:31,071 INFO stopped: dspaceAngular (terminated by SIGTERM)
2023-02-24 08:31:31,071 INFO reaped unknown pid 46
2023-02-24 08:31:31,071 INFO reaped unknown pid 17
2023-02-24 08:31:31,071 INFO reaped unknown pid 45
2023-02-24 08:31:32,156 CRIT Supervisor is running as root.  Privileges were not dropped because no user is specified in the config file.  If you intend to run as root, you can set user=root in the config file to avoid this message.
2023-02-24 08:31:32,158 INFO supervisord started with pid 1
2023-02-24 08:31:33,162 INFO spawned: 'dspaceAngular' with pid 8
2023-02-24 08:31:34,163 INFO success: dspaceAngular entered RUNNING state, process has stayed up for > than 1 seconds (startsecs)
2023-02-24 14:53:04,639 CRIT Supervisor is running as root.  Privileges were not dropped because no user is specified in the config file.  If you intend to run as root, you can set user=root in the config file to avoid this message.
2023-02-24 14:53:04,641 INFO supervisord started with pid 1
2023-02-24 14:53:05,645 INFO spawned: 'dspaceAngular' with pid 8
2023-02-24 14:53:06,661 INFO success: dspaceAngular entered RUNNING state, process has stayed up for > than 1 seconds (startsecs)
2023-02-24 15:04:00,492 INFO reaped unknown pid 128
2023-02-24 15:05:29,596 INFO reaped unknown pid 152
2023-02-24 15:05:29,597 INFO reaped unknown pid 169
2023-02-24 15:05:29,597 INFO reaped unknown pid 181
2023-02-24 15:05:29,597 INFO reaped unknown pid 193
2023-02-24 15:05:29,597 INFO reaped unknown pid 205
2023-02-24 15:06:21,657 INFO reaped unknown pid 133
2023-02-24 15:06:21,657 INFO reaped unknown pid 203
2023-02-24 15:06:21,658 INFO reaped unknown pid 214
2023-02-24 15:06:21,658 INFO reaped unknown pid 219
2023-02-24 15:06:21,658 INFO reaped unknown pid 224
2023-02-24 15:07:13,724 INFO reaped unknown pid 303
2023-02-24 15:08:10,795 INFO reaped unknown pid 328
2023-02-24 15:08:10,795 INFO reaped unknown pid 346
2023-02-24 15:08:10,796 INFO reaped unknown pid 358
2023-02-24 15:08:10,796 INFO reaped unknown pid 370
2023-02-24 15:08:10,796 INFO reaped unknown pid 382
2023-02-24 15:08:51,847 INFO reaped unknown pid 308
2023-02-24 15:08:51,847 INFO reaped unknown pid 380
2023-02-24 15:08:51,847 INFO reaped unknown pid 391
2023-02-24 15:08:51,847 INFO reaped unknown pid 404
2023-02-24 15:08:51,848 INFO reaped unknown pid 396
2023-02-24 18:50:19,223 CRIT Supervisor is running as root.  Privileges were not dropped because no user is specified in the config file.  If you intend to run as root, you can set user=root in the config file to avoid this message.
2023-02-24 18:50:19,225 INFO supervisord started with pid 1
2023-02-24 18:50:20,229 INFO spawned: 'dspaceAngular' with pid 8
2023-02-24 18:50:21,245 INFO success: dspaceAngular entered RUNNING state, process has stayed up for > than 1 seconds (startsecs)
2023-03-03 01:48:48,696 CRIT Supervisor is running as root.  Privileges were not dropped because no user is specified in the config file.  If you intend to run as root, you can set user=root in the config file to avoid this message.
2023-03-03 01:48:48,701 INFO supervisord started with pid 1
2023-03-03 01:48:49,704 INFO spawned: 'dspaceAngular' with pid 8
2023-03-03 01:48:50,725 INFO success: dspaceAngular entered RUNNING state, process has stayed up for > than 1 seconds (startsecs)
2023-03-03 02:04:46,380 WARN received SIGTERM indicating exit request
2023-03-03 02:04:46,381 INFO waiting for dspaceAngular to die
2023-03-03 02:04:46,392 INFO stopped: dspaceAngular (terminated by SIGTERM)
2023-03-03 02:04:46,392 INFO reaped unknown pid 43
2023-03-03 02:04:46,392 INFO reaped unknown pid 14
2023-03-03 02:04:46,393 INFO reaped unknown pid 42
2023-03-03 10:54:34,741 CRIT Supervisor is running as root.  Privileges were not dropped because no user is specified in the config file.  If you intend to run as root, you can set user=root in the config file to avoid this message.
2023-03-03 10:54:34,804 INFO supervisord started with pid 1
2023-03-03 10:54:35,810 INFO spawned: 'dspaceAngular' with pid 9
2023-03-03 10:54:36,859 INFO success: dspaceAngular entered RUNNING state, process has stayed up for > than 1 seconds (startsecs)
2023-03-03 10:54:52,024 WARN received SIGTERM indicating exit request
2023-03-03 10:54:52,025 INFO waiting for dspaceAngular to die
2023-03-03 10:54:52,100 INFO stopped: dspaceAngular (terminated by SIGTERM)
2023-03-03 10:54:52,103 INFO reaped unknown pid 10
2023-03-03 10:54:52,106 INFO reaped unknown pid 38
2023-03-03 11:27:52,476 CRIT Supervisor is running as root.  Privileges were not dropped because no user is specified in the config file.  If you intend to run as root, you can set user=root in the config file to avoid this message.
2023-03-03 11:27:52,482 INFO supervisord started with pid 1
2023-03-03 11:27:53,485 INFO spawned: 'dspaceAngular' with pid 8
2023-03-03 11:27:54,498 INFO success: dspaceAngular entered RUNNING state, process has stayed up for > than 1 seconds (startsecs)
2023-03-03 11:29:12,954 WARN received SIGTERM indicating exit request
2023-03-03 11:29:12,970 INFO waiting for dspaceAngular to die
2023-03-03 11:29:13,052 INFO stopped: dspaceAngular (terminated by SIGTERM)
2023-03-03 11:29:13,053 INFO reaped unknown pid 38
2023-03-03 11:29:13,053 INFO reaped unknown pid 9
2023-03-03 11:29:13,053 INFO reaped unknown pid 37
2023-03-03 12:42:26,933 CRIT Supervisor is running as root.  Privileges were not dropped because no user is specified in the config file.  If you intend to run as root, you can set user=root in the config file to avoid this message.
2023-03-03 12:42:26,939 INFO supervisord started with pid 1
2023-03-03 12:42:27,942 INFO spawned: 'dspaceAngular' with pid 8
2023-03-03 12:42:29,802 INFO success: dspaceAngular entered RUNNING state, process has stayed up for > than 1 seconds (startsecs)
2023-03-03 14:42:21,287 WARN received SIGTERM indicating exit request
2023-03-03 14:42:21,292 INFO waiting for dspaceAngular to die
2023-03-03 14:42:21,310 INFO stopped: dspaceAngular (terminated by SIGTERM)
2023-03-03 14:42:21,311 INFO reaped unknown pid 38
2023-03-03 14:42:22,540 CRIT Supervisor is running as root.  Privileges were not dropped because no user is specified in the config file.  If you intend to run as root, you can set user=root in the config file to avoid this message.
2023-03-03 14:42:22,544 INFO supervisord started with pid 1
2023-03-03 14:42:23,546 INFO spawned: 'dspaceAngular' with pid 8
2023-03-03 14:42:24,728 INFO success: dspaceAngular entered RUNNING state, process has stayed up for > than 1 seconds (startsecs)
2023-03-03 14:47:07,075 WARN received SIGTERM indicating exit request
2023-03-03 14:47:07,076 INFO waiting for dspaceAngular to die
2023-03-03 14:47:07,091 INFO stopped: dspaceAngular (terminated by SIGTERM)
2023-03-03 14:47:07,091 INFO reaped unknown pid 38
2023-03-03 14:47:07,092 INFO reaped unknown pid 9
2023-03-03 14:47:07,092 INFO reaped unknown pid 37
2023-03-03 14:47:08,518 CRIT Supervisor is running as root.  Privileges were not dropped because no user is specified in the config file.  If you intend to run as root, you can set user=root in the config file to avoid this message.
2023-03-03 14:47:08,522 INFO supervisord started with pid 1
2023-03-03 14:47:09,524 INFO spawned: 'dspaceAngular' with pid 8
2023-03-03 14:47:10,581 INFO success: dspaceAngular entered RUNNING state, process has stayed up for > than 1 seconds (startsecs)
2023-03-04 20:50:05,373 CRIT Supervisor is running as root.  Privileges were not dropped because no user is specified in the config file.  If you intend to run as root, you can set user=root in the config file to avoid this message.
2023-03-04 20:50:05,397 INFO supervisord started with pid 1
2023-03-04 20:50:06,408 INFO spawned: 'dspaceAngular' with pid 8
2023-03-04 20:50:07,461 INFO success: dspaceAngular entered RUNNING state, process has stayed up for > than 1 seconds (startsecs)
2023-03-04 20:50:10,466 WARN received SIGTERM indicating exit request
2023-03-04 20:50:10,466 INFO waiting for dspaceAngular to die
2023-03-04 20:50:10,523 INFO stopped: dspaceAngular (terminated by SIGTERM)
2023-03-04 20:50:10,526 INFO reaped unknown pid 9
2023-03-04 20:51:04,851 CRIT Supervisor is running as root.  Privileges were not dropped because no user is specified in the config file.  If you intend to run as root, you can set user=root in the config file to avoid this message.
2023-03-04 20:51:04,855 INFO supervisord started with pid 1
2023-03-04 20:51:05,857 INFO spawned: 'dspaceAngular' with pid 8
2023-03-04 20:51:06,949 INFO success: dspaceAngular entered RUNNING state, process has stayed up for > than 1 seconds (startsecs)
2023-03-04 20:52:03,359 WARN received SIGTERM indicating exit request
2023-03-04 20:52:03,363 INFO waiting for dspaceAngular to die
2023-03-04 20:52:03,399 INFO stopped: dspaceAngular (terminated by SIGTERM)
2023-03-04 20:52:03,399 INFO reaped unknown pid 38
2023-03-04 20:52:03,399 INFO reaped unknown pid 9
2023-03-04 20:52:03,400 INFO reaped unknown pid 37
2023-03-04 21:17:47,636 CRIT Supervisor is running as root.  Privileges were not dropped because no user is specified in the config file.  If you intend to run as root, you can set user=root in the config file to avoid this message.
2023-03-04 21:17:47,639 INFO supervisord started with pid 1
2023-03-04 21:17:48,642 INFO spawned: 'dspaceAngular' with pid 8
2023-03-04 21:17:49,972 INFO success: dspaceAngular entered RUNNING state, process has stayed up for > than 1 seconds (startsecs)
2023-03-04 21:20:00,168 WARN received SIGTERM indicating exit request
2023-03-04 21:20:00,168 INFO waiting for dspaceAngular to die
2023-03-04 21:20:00,181 INFO stopped: dspaceAngular (terminated by SIGTERM)
2023-03-04 21:20:00,181 INFO reaped unknown pid 9
2023-03-04 21:20:00,181 INFO reaped unknown pid 38
2023-03-04 21:20:00,181 INFO reaped unknown pid 37
2023-03-04 21:20:01,088 CRIT Supervisor is running as root.  Privileges were not dropped because no user is specified in the config file.  If you intend to run as root, you can set user=root in the config file to avoid this message.
2023-03-04 21:20:01,091 INFO supervisord started with pid 1
2023-03-04 21:20:02,093 INFO spawned: 'dspaceAngular' with pid 9
2023-03-04 21:20:03,457 INFO success: dspaceAngular entered RUNNING state, process has stayed up for > than 1 seconds (startsecs)
2023-03-04 22:23:03,636 WARN received SIGTERM indicating exit request
2023-03-04 22:23:03,644 INFO waiting for dspaceAngular to die
2023-03-04 22:23:03,694 INFO stopped: dspaceAngular (terminated by SIGTERM)
2023-03-04 22:23:03,694 INFO reaped unknown pid 39
2023-03-04 22:23:03,694 INFO reaped unknown pid 10
2023-03-04 22:23:03,694 INFO reaped unknown pid 38
2023-03-04 22:23:05,109 CRIT Supervisor is running as root.  Privileges were not dropped because no user is specified in the config file.  If you intend to run as root, you can set user=root in the config file to avoid this message.
2023-03-04 22:23:05,113 INFO supervisord started with pid 1
2023-03-04 22:23:06,115 INFO spawned: 'dspaceAngular' with pid 8
2023-03-04 22:23:07,337 INFO success: dspaceAngular entered RUNNING state, process has stayed up for > than 1 seconds (startsecs)
2023-03-04 22:43:27,805 WARN received SIGTERM indicating exit request
2023-03-04 22:43:27,808 INFO waiting for dspaceAngular to die
2023-03-04 22:43:27,823 INFO stopped: dspaceAngular (terminated by SIGTERM)
2023-03-04 22:43:27,823 INFO reaped unknown pid 9
2023-03-04 22:43:27,823 INFO reaped unknown pid 38
2023-03-04 22:43:27,823 INFO reaped unknown pid 37
2023-03-04 22:43:29,019 CRIT Supervisor is running as root.  Privileges were not dropped because no user is specified in the config file.  If you intend to run as root, you can set user=root in the config file to avoid this message.
2023-03-04 22:43:29,023 INFO supervisord started with pid 1
2023-03-04 22:43:30,025 INFO spawned: 'dspaceAngular' with pid 8
2023-03-04 22:43:31,500 INFO success: dspaceAngular entered RUNNING state, process has stayed up for > than 1 seconds (startsecs)
2023-03-04 22:54:09,054 WARN received SIGTERM indicating exit request
2023-03-04 22:54:09,055 INFO waiting for dspaceAngular to die
2023-03-04 22:54:09,072 INFO stopped: dspaceAngular (terminated by SIGTERM)
2023-03-04 22:54:09,072 INFO reaped unknown pid 38
2023-03-04 22:54:09,072 INFO reaped unknown pid 9
2023-03-04 22:54:09,072 INFO reaped unknown pid 37
2023-03-04 22:54:10,460 CRIT Supervisor is running as root.  Privileges were not dropped because no user is specified in the config file.  If you intend to run as root, you can set user=root in the config file to avoid this message.
2023-03-04 22:54:10,464 INFO supervisord started with pid 1
2023-03-04 22:54:11,465 INFO spawned: 'dspaceAngular' with pid 8
2023-03-04 22:54:12,512 INFO success: dspaceAngular entered RUNNING state, process has stayed up for > than 1 seconds (startsecs)
2023-03-06 17:41:38,693 WARN received SIGTERM indicating exit request
2023-03-06 17:41:38,696 INFO waiting for dspaceAngular to die
2023-03-06 17:41:38,722 INFO stopped: dspaceAngular (terminated by SIGTERM)
2023-03-06 17:41:38,722 INFO reaped unknown pid 38
2023-03-06 17:41:38,722 INFO reaped unknown pid 9
2023-03-06 17:41:38,722 INFO reaped unknown pid 37
2023-03-06 17:41:39,890 CRIT Supervisor is running as root.  Privileges were not dropped because no user is specified in the config file.  If you intend to run as root, you can set user=root in the config file to avoid this message.
2023-03-06 17:41:39,897 INFO supervisord started with pid 1
2023-03-06 17:41:40,899 INFO spawned: 'dspaceAngular' with pid 8
2023-03-06 17:41:42,076 INFO success: dspaceAngular entered RUNNING state, process has stayed up for > than 1 seconds (startsecs)
2023-03-06 18:32:12,985 WARN received SIGTERM indicating exit request
2023-03-06 18:32:12,986 INFO waiting for dspaceAngular to die
2023-03-06 18:32:13,000 INFO stopped: dspaceAngular (terminated by SIGTERM)
2023-03-06 18:32:13,000 INFO reaped unknown pid 38
2023-03-06 18:32:13,000 INFO reaped unknown pid 9
2023-03-06 18:32:13,000 INFO reaped unknown pid 37
2023-03-06 18:32:13,940 CRIT Supervisor is running as root.  Privileges were not dropped because no user is specified in the config file.  If you intend to run as root, you can set user=root in the config file to avoid this message.
2023-03-06 18:32:13,942 INFO supervisord started with pid 1
2023-03-06 18:32:14,945 INFO spawned: 'dspaceAngular' with pid 8
2023-03-06 18:32:15,944 INFO success: dspaceAngular entered RUNNING state, process has stayed up for > than 1 seconds (startsecs)
2023-03-06 21:39:34,525 WARN received SIGTERM indicating exit request
2023-03-06 21:39:34,525 INFO waiting for dspaceAngular to die
2023-03-06 21:39:34,534 INFO stopped: dspaceAngular (terminated by SIGTERM)
2023-03-06 21:39:34,534 INFO reaped unknown pid 38
2023-03-06 21:39:34,534 INFO reaped unknown pid 9
2023-03-06 21:39:34,534 INFO reaped unknown pid 37
2023-03-06 21:39:35,419 CRIT Supervisor is running as root.  Privileges were not dropped because no user is specified in the config file.  If you intend to run as root, you can set user=root in the config file to avoid this message.
2023-03-06 21:39:35,422 INFO supervisord started with pid 1
2023-03-06 21:39:36,424 INFO spawned: 'dspaceAngular' with pid 9
2023-03-06 21:39:37,436 INFO success: dspaceAngular entered RUNNING state, process has stayed up for > than 1 seconds (startsecs)
2023-03-07 12:46:53,382 WARN received SIGTERM indicating exit request
2023-03-07 12:46:53,385 INFO waiting for dspaceAngular to die
2023-03-07 12:46:53,400 INFO stopped: dspaceAngular (terminated by SIGTERM)
2023-03-07 12:46:53,400 INFO reaped unknown pid 39
2023-03-07 12:46:54,560 CRIT Supervisor is running as root.  Privileges were not dropped because no user is specified in the config file.  If you intend to run as root, you can set user=root in the config file to avoid this message.
2023-03-07 12:46:54,564 INFO supervisord started with pid 1
2023-03-07 12:46:55,566 INFO spawned: 'dspaceAngular' with pid 8
2023-03-07 12:46:56,730 INFO success: dspaceAngular entered RUNNING state, process has stayed up for > than 1 seconds (startsecs)
2023-03-07 12:57:44,613 WARN received SIGTERM indicating exit request
2023-03-07 12:57:44,616 INFO waiting for dspaceAngular to die
2023-03-07 12:57:44,628 INFO stopped: dspaceAngular (terminated by SIGTERM)
2023-03-07 12:57:44,628 INFO reaped unknown pid 38
2023-03-07 12:57:44,628 INFO reaped unknown pid 9
2023-03-07 12:57:44,628 INFO reaped unknown pid 37
2023-03-07 12:57:45,509 CRIT Supervisor is running as root.  Privileges were not dropped because no user is specified in the config file.  If you intend to run as root, you can set user=root in the config file to avoid this message.
2023-03-07 12:57:45,511 INFO supervisord started with pid 1
2023-03-07 12:57:46,513 INFO spawned: 'dspaceAngular' with pid 8
2023-03-07 12:57:47,524 INFO success: dspaceAngular entered RUNNING state, process has stayed up for > than 1 seconds (startsecs)
2023-03-07 16:35:13,060 WARN received SIGTERM indicating exit request
2023-03-07 16:35:13,064 INFO waiting for dspaceAngular to die
2023-03-07 16:35:13,076 INFO stopped: dspaceAngular (terminated by SIGTERM)
2023-03-07 16:35:13,077 INFO reaped unknown pid 38
2023-03-07 16:35:13,077 INFO reaped unknown pid 9
2023-03-07 16:35:13,077 INFO reaped unknown pid 37
2023-03-07 16:35:14,084 CRIT Supervisor is running as root.  Privileges were not dropped because no user is specified in the config file.  If you intend to run as root, you can set user=root in the config file to avoid this message.
2023-03-07 16:35:14,088 INFO supervisord started with pid 1
2023-03-07 16:35:15,090 INFO spawned: 'dspaceAngular' with pid 8
2023-03-07 16:35:16,090 INFO success: dspaceAngular entered RUNNING state, process has stayed up for > than 1 seconds (startsecs)
2023-03-08 19:34:51,270 WARN received SIGTERM indicating exit request
2023-03-08 19:34:51,275 INFO waiting for dspaceAngular to die
2023-03-08 19:34:51,294 INFO stopped: dspaceAngular (terminated by SIGTERM)
2023-03-08 19:34:51,294 INFO reaped unknown pid 38
2023-03-08 19:34:51,294 INFO reaped unknown pid 9
2023-03-08 19:34:51,294 INFO reaped unknown pid 37
2023-03-08 19:34:52,326 CRIT Supervisor is running as root.  Privileges were not dropped because no user is specified in the config file.  If you intend to run as root, you can set user=root in the config file to avoid this message.
2023-03-08 19:34:52,329 INFO supervisord started with pid 1
2023-03-08 19:34:53,332 INFO spawned: 'dspaceAngular' with pid 8
2023-03-08 19:34:54,471 INFO success: dspaceAngular entered RUNNING state, process has stayed up for > than 1 seconds (startsecs)
2023-03-12 15:11:28,825 CRIT Supervisor is running as root.  Privileges were not dropped because no user is specified in the config file.  If you intend to run as root, you can set user=root in the config file to avoid this message.
2023-03-12 15:11:28,839 INFO supervisord started with pid 1
2023-03-12 15:11:29,866 INFO spawned: 'dspaceAngular' with pid 11
2023-03-12 15:11:31,496 INFO success: dspaceAngular entered RUNNING state, process has stayed up for > than 1 seconds (startsecs)
2023-03-12 16:35:34,314 CRIT Supervisor is running as root.  Privileges were not dropped because no user is specified in the config file.  If you intend to run as root, you can set user=root in the config file to avoid this message.
2023-03-12 16:35:34,368 INFO supervisord started with pid 1
2023-03-12 16:35:35,382 INFO spawned: 'dspaceAngular' with pid 9
2023-03-12 16:35:36,483 INFO success: dspaceAngular entered RUNNING state, process has stayed up for > than 1 seconds (startsecs)
2023-03-12 17:03:19,788 CRIT Supervisor is running as root.  Privileges were not dropped because no user is specified in the config file.  If you intend to run as root, you can set user=root in the config file to avoid this message.
2023-03-12 17:03:19,795 INFO supervisord started with pid 1
2023-03-12 17:03:20,810 INFO spawned: 'dspaceAngular' with pid 8
2023-03-12 17:03:22,286 INFO success: dspaceAngular entered RUNNING state, process has stayed up for > than 1 seconds (startsecs)
2023-03-12 17:03:29,591 WARN received SIGTERM indicating exit request
2023-03-12 17:03:29,592 INFO waiting for dspaceAngular to die
2023-03-12 17:03:29,659 INFO stopped: dspaceAngular (terminated by SIGTERM)
2023-03-12 17:03:29,659 INFO reaped unknown pid 38
2023-03-12 17:03:29,659 INFO reaped unknown pid 9
2023-03-12 17:03:29,659 INFO reaped unknown pid 37
2023-03-12 17:07:01,829 CRIT Supervisor is running as root.  Privileges were not dropped because no user is specified in the config file.  If you intend to run as root, you can set user=root in the config file to avoid this message.
2023-03-12 17:07:01,832 INFO supervisord started with pid 1
2023-03-12 17:07:02,834 INFO spawned: 'dspaceAngular' with pid 8
2023-03-12 17:07:04,198 INFO success: dspaceAngular entered RUNNING state, process has stayed up for > than 1 seconds (startsecs)
2023-03-13 13:14:33,226 WARN received SIGTERM indicating exit request
2023-03-13 13:14:33,232 INFO waiting for dspaceAngular to die
2023-03-13 13:14:33,254 INFO stopped: dspaceAngular (terminated by SIGTERM)
2023-03-13 13:14:33,255 INFO reaped unknown pid 38
2023-03-13 13:14:33,255 INFO reaped unknown pid 9
2023-03-13 13:14:33,255 INFO reaped unknown pid 37
2023-03-13 13:14:34,307 CRIT Supervisor is running as root.  Privileges were not dropped because no user is specified in the config file.  If you intend to run as root, you can set user=root in the config file to avoid this message.
2023-03-13 13:14:34,311 INFO supervisord started with pid 1
2023-03-13 13:14:35,313 INFO spawned: 'dspaceAngular' with pid 8
2023-03-13 13:14:36,486 INFO success: dspaceAngular entered RUNNING state, process has stayed up for > than 1 seconds (startsecs)
2023-03-14 17:08:28,691 WARN received SIGTERM indicating exit request
2023-03-14 17:08:28,698 INFO waiting for dspaceAngular to die
2023-03-14 17:08:28,715 INFO stopped: dspaceAngular (terminated by SIGTERM)
2023-03-14 17:08:28,715 INFO reaped unknown pid 38
2023-03-14 17:08:28,715 INFO reaped unknown pid 9
2023-03-14 17:08:28,715 INFO reaped unknown pid 37
2023-03-14 17:08:29,770 CRIT Supervisor is running as root.  Privileges were not dropped because no user is specified in the config file.  If you intend to run as root, you can set user=root in the config file to avoid this message.
2023-03-14 17:08:29,774 INFO supervisord started with pid 1
2023-03-14 17:08:30,776 INFO spawned: 'dspaceAngular' with pid 8
2023-03-14 17:08:31,943 INFO success: dspaceAngular entered RUNNING state, process has stayed up for > than 1 seconds (startsecs)
2023-03-15 15:29:57,159 WARN received SIGTERM indicating exit request
2023-03-15 15:29:57,163 INFO waiting for dspaceAngular to die
2023-03-15 15:29:57,182 INFO stopped: dspaceAngular (terminated by SIGTERM)
2023-03-15 15:29:57,182 INFO reaped unknown pid 38
2023-03-15 15:29:58,230 CRIT Supervisor is running as root.  Privileges were not dropped because no user is specified in the config file.  If you intend to run as root, you can set user=root in the config file to avoid this message.
2023-03-15 15:29:58,234 INFO supervisord started with pid 1
2023-03-15 15:29:59,236 INFO spawned: 'dspaceAngular' with pid 8
2023-03-15 15:30:00,396 INFO success: dspaceAngular entered RUNNING state, process has stayed up for > than 1 seconds (startsecs)
2023-03-15 21:51:00,126 WARN received SIGTERM indicating exit request
2023-03-15 21:51:00,126 INFO waiting for dspaceAngular to die
2023-03-15 21:51:00,148 INFO stopped: dspaceAngular (terminated by SIGTERM)
2023-03-15 21:51:00,148 INFO reaped unknown pid 38
2023-03-15 21:51:00,148 INFO reaped unknown pid 9
2023-03-15 21:51:00,148 INFO reaped unknown pid 37
2023-03-15 21:51:01,076 CRIT Supervisor is running as root.  Privileges were not dropped because no user is specified in the config file.  If you intend to run as root, you can set user=root in the config file to avoid this message.
2023-03-15 21:51:01,080 INFO supervisord started with pid 1
2023-03-15 21:51:02,082 INFO spawned: 'dspaceAngular' with pid 8
2023-03-15 21:51:03,101 INFO success: dspaceAngular entered RUNNING state, process has stayed up for > than 1 seconds (startsecs)
2023-03-16 12:12:08,521 WARN received SIGTERM indicating exit request
2023-03-16 12:12:08,527 INFO waiting for dspaceAngular to die
2023-03-16 12:12:08,544 INFO stopped: dspaceAngular (terminated by SIGTERM)
2023-03-16 12:12:08,544 INFO reaped unknown pid 38
2023-03-16 12:12:09,607 CRIT Supervisor is running as root.  Privileges were not dropped because no user is specified in the config file.  If you intend to run as root, you can set user=root in the config file to avoid this message.
2023-03-16 12:12:09,611 INFO supervisord started with pid 1
2023-03-16 12:12:10,613 INFO spawned: 'dspaceAngular' with pid 9
2023-03-16 12:12:11,812 INFO success: dspaceAngular entered RUNNING state, process has stayed up for > than 1 seconds (startsecs)
2023-03-16 14:01:45,772 WARN received SIGTERM indicating exit request
2023-03-16 14:01:45,773 INFO waiting for dspaceAngular to die
2023-03-16 14:01:45,790 INFO stopped: dspaceAngular (terminated by SIGTERM)
2023-03-16 14:01:45,790 INFO reaped unknown pid 39
2023-03-16 14:01:45,790 INFO reaped unknown pid 10
2023-03-16 14:01:45,790 INFO reaped unknown pid 38
2023-03-16 14:01:46,769 CRIT Supervisor is running as root.  Privileges were not dropped because no user is specified in the config file.  If you intend to run as root, you can set user=root in the config file to avoid this message.
2023-03-16 14:01:46,773 INFO supervisord started with pid 1
2023-03-16 14:01:47,775 INFO spawned: 'dspaceAngular' with pid 9
2023-03-16 14:01:48,981 INFO success: dspaceAngular entered RUNNING state, process has stayed up for > than 1 seconds (startsecs)
2023-03-16 17:37:10,727 WARN received SIGTERM indicating exit request
2023-03-16 17:37:10,729 INFO waiting for dspaceAngular to die
2023-03-16 17:37:10,742 INFO stopped: dspaceAngular (terminated by SIGTERM)
2023-03-16 17:37:10,742 INFO reaped unknown pid 39
2023-03-16 17:37:10,742 INFO reaped unknown pid 10
2023-03-16 17:37:10,742 INFO reaped unknown pid 38
2023-03-16 17:37:11,716 CRIT Supervisor is running as root.  Privileges were not dropped because no user is specified in the config file.  If you intend to run as root, you can set user=root in the config file to avoid this message.
2023-03-16 17:37:11,718 INFO supervisord started with pid 1
2023-03-16 17:37:12,720 INFO spawned: 'dspaceAngular' with pid 8
2023-03-16 17:37:13,735 INFO success: dspaceAngular entered RUNNING state, process has stayed up for > than 1 seconds (startsecs)
2023-03-16 23:51:01,583 WARN received SIGTERM indicating exit request
2023-03-16 23:51:01,588 INFO waiting for dspaceAngular to die
2023-03-16 23:51:01,605 INFO stopped: dspaceAngular (terminated by SIGTERM)
2023-03-16 23:51:01,605 INFO reaped unknown pid 38
2023-03-16 23:51:01,605 INFO reaped unknown pid 9
2023-03-16 23:51:01,605 INFO reaped unknown pid 37
2023-03-16 23:51:02,463 CRIT Supervisor is running as root.  Privileges were not dropped because no user is specified in the config file.  If you intend to run as root, you can set user=root in the config file to avoid this message.
2023-03-16 23:51:02,467 INFO supervisord started with pid 1
2023-03-16 23:51:03,469 INFO spawned: 'dspaceAngular' with pid 8
2023-03-16 23:51:04,472 INFO success: dspaceAngular entered RUNNING state, process has stayed up for > than 1 seconds (startsecs)
2023-03-18 17:06:03,435 WARN received SIGTERM indicating exit request
2023-03-18 17:06:03,443 INFO waiting for dspaceAngular to die
2023-03-18 17:06:03,535 INFO stopped: dspaceAngular (terminated by SIGTERM)
2023-03-18 17:06:03,535 INFO reaped unknown pid 38
2023-03-18 17:06:03,535 INFO reaped unknown pid 9
2023-03-18 17:06:03,535 INFO reaped unknown pid 37
2023-03-18 17:06:05,023 CRIT Supervisor is running as root.  Privileges were not dropped because no user is specified in the config file.  If you intend to run as root, you can set user=root in the config file to avoid this message.
2023-03-18 17:06:05,029 INFO supervisord started with pid 1
2023-03-18 17:06:06,031 INFO spawned: 'dspaceAngular' with pid 8
2023-03-18 17:06:07,267 INFO success: dspaceAngular entered RUNNING state, process has stayed up for > than 1 seconds (startsecs)
2023-03-18 19:39:06,844 WARN received SIGTERM indicating exit request
2023-03-18 19:39:06,845 INFO waiting for dspaceAngular to die
2023-03-18 19:39:06,858 INFO stopped: dspaceAngular (terminated by SIGTERM)
2023-03-18 19:39:06,858 INFO reaped unknown pid 38
2023-03-18 19:39:08,192 CRIT Supervisor is running as root.  Privileges were not dropped because no user is specified in the config file.  If you intend to run as root, you can set user=root in the config file to avoid this message.
2023-03-18 19:39:08,197 INFO supervisord started with pid 1
2023-03-18 19:39:09,199 INFO spawned: 'dspaceAngular' with pid 9
2023-03-18 19:39:10,230 INFO success: dspaceAngular entered RUNNING state, process has stayed up for > than 1 seconds (startsecs)
2023-03-18 21:50:03,680 WARN received SIGTERM indicating exit request
2023-03-18 21:50:03,685 INFO waiting for dspaceAngular to die
2023-03-18 21:50:03,715 INFO stopped: dspaceAngular (terminated by SIGTERM)
2023-03-18 21:50:03,715 INFO reaped unknown pid 39
2023-03-18 21:50:03,715 INFO reaped unknown pid 10
2023-03-18 21:50:03,715 INFO reaped unknown pid 38
2023-03-18 21:50:04,732 CRIT Supervisor is running as root.  Privileges were not dropped because no user is specified in the config file.  If you intend to run as root, you can set user=root in the config file to avoid this message.
2023-03-18 21:50:04,738 INFO supervisord started with pid 1
2023-03-18 21:50:05,740 INFO spawned: 'dspaceAngular' with pid 8
2023-03-18 21:50:06,762 INFO success: dspaceAngular entered RUNNING state, process has stayed up for > than 1 seconds (startsecs)
2023-03-19 13:30:00,684 WARN received SIGTERM indicating exit request
2023-03-19 13:30:00,687 INFO waiting for dspaceAngular to die
2023-03-19 13:30:00,709 INFO stopped: dspaceAngular (terminated by SIGTERM)
2023-03-19 13:30:00,709 INFO reaped unknown pid 38
2023-03-19 13:30:00,709 INFO reaped unknown pid 9
2023-03-19 13:30:00,710 INFO reaped unknown pid 37
2023-03-19 13:30:02,168 CRIT Supervisor is running as root.  Privileges were not dropped because no user is specified in the config file.  If you intend to run as root, you can set user=root in the config file to avoid this message.
2023-03-19 13:30:02,171 INFO supervisord started with pid 1
2023-03-19 13:30:03,173 INFO spawned: 'dspaceAngular' with pid 8
2023-03-19 13:30:04,384 INFO success: dspaceAngular entered RUNNING state, process has stayed up for > than 1 seconds (startsecs)
2023-03-19 16:06:16,620 WARN received SIGTERM indicating exit request
2023-03-19 16:06:16,623 INFO waiting for dspaceAngular to die
2023-03-19 16:06:16,640 INFO stopped: dspaceAngular (terminated by SIGTERM)
2023-03-19 16:06:16,640 INFO reaped unknown pid 38
2023-03-19 16:06:16,640 INFO reaped unknown pid 9
2023-03-19 16:06:16,640 INFO reaped unknown pid 37
2023-03-19 16:06:17,795 CRIT Supervisor is running as root.  Privileges were not dropped because no user is specified in the config file.  If you intend to run as root, you can set user=root in the config file to avoid this message.
2023-03-19 16:06:17,798 INFO supervisord started with pid 1
2023-03-19 16:06:18,801 INFO spawned: 'dspaceAngular' with pid 8
2023-03-19 16:06:19,815 INFO success: dspaceAngular entered RUNNING state, process has stayed up for > than 1 seconds (startsecs)
2023-03-19 18:27:54,344 WARN received SIGTERM indicating exit request
2023-03-19 18:27:54,345 INFO waiting for dspaceAngular to die
2023-03-19 18:27:54,358 INFO stopped: dspaceAngular (terminated by SIGTERM)
2023-03-19 18:27:55,721 CRIT Supervisor is running as root.  Privileges were not dropped because no user is specified in the config file.  If you intend to run as root, you can set user=root in the config file to avoid this message.
2023-03-19 18:27:55,725 INFO supervisord started with pid 1
2023-03-19 18:27:56,727 INFO spawned: 'dspaceAngular' with pid 8
2023-03-19 18:27:57,767 INFO success: dspaceAngular entered RUNNING state, process has stayed up for > than 1 seconds (startsecs)
2023-03-19 18:42:30,090 WARN received SIGTERM indicating exit request
2023-03-19 18:42:30,092 INFO waiting for dspaceAngular to die
2023-03-19 18:42:30,103 INFO stopped: dspaceAngular (terminated by SIGTERM)
2023-03-19 18:42:30,103 INFO reaped unknown pid 38
2023-03-19 18:42:30,103 INFO reaped unknown pid 9
2023-03-19 18:42:30,103 INFO reaped unknown pid 37
2023-03-19 18:42:31,433 CRIT Supervisor is running as root.  Privileges were not dropped because no user is specified in the config file.  If you intend to run as root, you can set user=root in the config file to avoid this message.
2023-03-19 18:42:31,436 INFO supervisord started with pid 1
2023-03-19 18:42:32,439 INFO spawned: 'dspaceAngular' with pid 9
2023-03-19 18:42:33,475 INFO success: dspaceAngular entered RUNNING state, process has stayed up for > than 1 seconds (startsecs)
2023-03-19 19:07:47,190 WARN received SIGTERM indicating exit request
2023-03-19 19:07:47,191 INFO waiting for dspaceAngular to die
2023-03-19 19:07:47,201 INFO stopped: dspaceAngular (terminated by SIGTERM)
2023-03-19 19:07:47,201 INFO reaped unknown pid 39
2023-03-19 19:07:47,201 INFO reaped unknown pid 10
2023-03-19 19:07:47,201 INFO reaped unknown pid 38
2023-03-19 19:07:48,001 CRIT Supervisor is running as root.  Privileges were not dropped because no user is specified in the config file.  If you intend to run as root, you can set user=root in the config file to avoid this message.
2023-03-19 19:07:48,003 INFO supervisord started with pid 1
2023-03-19 19:07:49,005 INFO spawned: 'dspaceAngular' with pid 8
2023-03-19 19:07:50,009 INFO success: dspaceAngular entered RUNNING state, process has stayed up for > than 1 seconds (startsecs)
2023-03-19 21:27:02,361 WARN received SIGTERM indicating exit request
2023-03-19 21:27:02,369 INFO waiting for dspaceAngular to die
2023-03-19 21:27:02,478 INFO stopped: dspaceAngular (terminated by SIGTERM)
2023-03-19 21:27:02,479 INFO reaped unknown pid 38
2023-03-19 21:27:02,479 INFO reaped unknown pid 9
2023-03-19 21:27:02,479 INFO reaped unknown pid 37
2023-03-19 21:27:04,153 CRIT Supervisor is running as root.  Privileges were not dropped because no user is specified in the config file.  If you intend to run as root, you can set user=root in the config file to avoid this message.
2023-03-19 21:27:04,160 INFO supervisord started with pid 1
2023-03-19 21:27:05,162 INFO spawned: 'dspaceAngular' with pid 10
2023-03-19 21:27:07,000 INFO success: dspaceAngular entered RUNNING state, process has stayed up for > than 1 seconds (startsecs)
2023-03-20 18:04:34,682 WARN received SIGTERM indicating exit request
2023-03-20 18:04:34,689 INFO waiting for dspaceAngular to die
2023-03-20 18:04:34,711 INFO stopped: dspaceAngular (terminated by SIGTERM)
2023-03-20 18:04:34,711 INFO reaped unknown pid 40
2023-03-20 18:04:34,711 INFO reaped unknown pid 11
2023-03-20 18:04:34,711 INFO reaped unknown pid 39
2023-03-20 18:04:36,154 CRIT Supervisor is running as root.  Privileges were not dropped because no user is specified in the config file.  If you intend to run as root, you can set user=root in the config file to avoid this message.
2023-03-20 18:04:36,158 INFO supervisord started with pid 1
2023-03-20 18:04:37,161 INFO spawned: 'dspaceAngular' with pid 8
2023-03-20 18:04:38,315 INFO success: dspaceAngular entered RUNNING state, process has stayed up for > than 1 seconds (startsecs)
2023-03-21 11:05:19,151 WARN received SIGTERM indicating exit request
2023-03-21 11:05:19,154 INFO waiting for dspaceAngular to die
2023-03-21 11:05:19,210 INFO stopped: dspaceAngular (terminated by SIGTERM)
2023-03-21 11:05:19,210 INFO reaped unknown pid 38
2023-03-21 11:05:19,210 INFO reaped unknown pid 9
2023-03-21 11:05:19,210 INFO reaped unknown pid 37
2023-03-21 11:05:20,622 CRIT Supervisor is running as root.  Privileges were not dropped because no user is specified in the config file.  If you intend to run as root, you can set user=root in the config file to avoid this message.
2023-03-21 11:05:20,626 INFO supervisord started with pid 1
2023-03-21 11:05:21,628 INFO spawned: 'dspaceAngular' with pid 8
2023-03-21 11:05:22,826 INFO success: dspaceAngular entered RUNNING state, process has stayed up for > than 1 seconds (startsecs)
2023-03-21 17:17:49,515 WARN received SIGTERM indicating exit request
2023-03-21 17:17:49,516 INFO waiting for dspaceAngular to die
2023-03-21 17:17:49,526 INFO stopped: dspaceAngular (terminated by SIGTERM)
2023-03-21 17:17:49,526 INFO reaped unknown pid 38
2023-03-21 17:17:49,527 INFO reaped unknown pid 9
2023-03-21 17:17:49,527 INFO reaped unknown pid 37
2023-03-21 17:17:50,554 CRIT Supervisor is running as root.  Privileges were not dropped because no user is specified in the config file.  If you intend to run as root, you can set user=root in the config file to avoid this message.
2023-03-21 17:17:50,559 INFO supervisord started with pid 1
2023-03-21 17:17:51,561 INFO spawned: 'dspaceAngular' with pid 8
2023-03-21 17:17:52,600 INFO success: dspaceAngular entered RUNNING state, process has stayed up for > than 1 seconds (startsecs)
2023-03-22 09:29:01,255 WARN received SIGTERM indicating exit request
2023-03-22 09:29:01,263 INFO waiting for dspaceAngular to die
2023-03-22 09:29:01,286 INFO stopped: dspaceAngular (terminated by SIGTERM)
2023-03-22 09:29:01,286 INFO reaped unknown pid 38
2023-03-22 09:29:01,286 INFO reaped unknown pid 9
2023-03-22 09:29:01,286 INFO reaped unknown pid 37
2023-03-22 09:29:02,398 CRIT Supervisor is running as root.  Privileges were not dropped because no user is specified in the config file.  If you intend to run as root, you can set user=root in the config file to avoid this message.
2023-03-22 09:29:02,403 INFO supervisord started with pid 1
2023-03-22 09:29:03,406 INFO spawned: 'dspaceAngular' with pid 8
2023-03-22 09:29:05,009 INFO success: dspaceAngular entered RUNNING state, process has stayed up for > than 1 seconds (startsecs)
2023-03-22 14:20:36,541 WARN received SIGTERM indicating exit request
2023-03-22 14:20:36,544 INFO waiting for dspaceAngular to die
2023-03-22 14:20:36,557 INFO stopped: dspaceAngular (terminated by SIGTERM)
2023-03-22 14:20:36,557 INFO reaped unknown pid 38
2023-03-22 14:20:36,557 INFO reaped unknown pid 9
2023-03-22 14:20:36,557 INFO reaped unknown pid 37
2023-03-22 14:20:38,017 CRIT Supervisor is running as root.  Privileges were not dropped because no user is specified in the config file.  If you intend to run as root, you can set user=root in the config file to avoid this message.
2023-03-22 14:20:38,021 INFO supervisord started with pid 1
2023-03-22 14:20:39,024 INFO spawned: 'dspaceAngular' with pid 9
2023-03-22 14:20:40,218 INFO success: dspaceAngular entered RUNNING state, process has stayed up for > than 1 seconds (startsecs)
2023-03-22 15:31:29,434 WARN received SIGTERM indicating exit request
2023-03-22 15:31:29,436 INFO waiting for dspaceAngular to die
2023-03-22 15:31:29,450 INFO stopped: dspaceAngular (terminated by SIGTERM)
2023-03-22 15:31:29,450 INFO reaped unknown pid 39
2023-03-22 15:31:29,450 INFO reaped unknown pid 10
2023-03-22 15:31:29,450 INFO reaped unknown pid 38
2023-03-22 15:31:30,894 CRIT Supervisor is running as root.  Privileges were not dropped because no user is specified in the config file.  If you intend to run as root, you can set user=root in the config file to avoid this message.
2023-03-22 15:31:30,899 INFO supervisord started with pid 1
2023-03-22 15:31:31,901 INFO spawned: 'dspaceAngular' with pid 8
2023-03-22 15:31:32,968 INFO success: dspaceAngular entered RUNNING state, process has stayed up for > than 1 seconds (startsecs)
2023-03-22 21:48:12,925 WARN received SIGTERM indicating exit request
2023-03-22 21:48:12,926 INFO waiting for dspaceAngular to die
2023-03-22 21:48:12,938 INFO stopped: dspaceAngular (terminated by SIGTERM)
2023-03-22 21:48:12,938 INFO reaped unknown pid 38
2023-03-22 21:48:12,938 INFO reaped unknown pid 9
2023-03-22 21:48:12,938 INFO reaped unknown pid 37
2023-03-22 21:48:14,362 CRIT Supervisor is running as root.  Privileges were not dropped because no user is specified in the config file.  If you intend to run as root, you can set user=root in the config file to avoid this message.
2023-03-22 21:48:14,366 INFO supervisord started with pid 1
2023-03-22 21:48:15,368 INFO spawned: 'dspaceAngular' with pid 9
2023-03-22 21:48:16,406 INFO success: dspaceAngular entered RUNNING state, process has stayed up for > than 1 seconds (startsecs)
2023-03-23 12:37:15,844 WARN received SIGTERM indicating exit request
2023-03-23 12:37:15,849 INFO waiting for dspaceAngular to die
2023-03-23 12:37:15,864 INFO stopped: dspaceAngular (terminated by SIGTERM)
2023-03-23 12:37:15,864 INFO reaped unknown pid 39
2023-03-23 12:37:15,865 INFO reaped unknown pid 10
2023-03-23 12:37:15,865 INFO reaped unknown pid 38
2023-03-23 12:37:17,287 CRIT Supervisor is running as root.  Privileges were not dropped because no user is specified in the config file.  If you intend to run as root, you can set user=root in the config file to avoid this message.
2023-03-23 12:37:17,291 INFO supervisord started with pid 1
2023-03-23 12:37:18,293 INFO spawned: 'dspaceAngular' with pid 8
2023-03-23 12:37:19,455 INFO success: dspaceAngular entered RUNNING state, process has stayed up for > than 1 seconds (startsecs)
2023-03-23 12:58:09,764 WARN received SIGTERM indicating exit request
2023-03-23 12:58:09,764 INFO waiting for dspaceAngular to die
2023-03-23 12:58:09,777 INFO stopped: dspaceAngular (terminated by SIGTERM)
2023-03-23 12:58:09,777 INFO reaped unknown pid 38
2023-03-23 12:58:09,777 INFO reaped unknown pid 9
2023-03-23 12:58:09,777 INFO reaped unknown pid 37
2023-03-23 12:58:10,739 CRIT Supervisor is running as root.  Privileges were not dropped because no user is specified in the config file.  If you intend to run as root, you can set user=root in the config file to avoid this message.
2023-03-23 12:58:10,741 INFO supervisord started with pid 1
2023-03-23 12:58:11,743 INFO spawned: 'dspaceAngular' with pid 9
2023-03-23 12:58:13,743 INFO success: dspaceAngular entered RUNNING state, process has stayed up for > than 1 seconds (startsecs)
2023-03-23 16:57:16,031 WARN received SIGTERM indicating exit request
2023-03-23 16:57:16,034 INFO waiting for dspaceAngular to die
2023-03-23 16:57:16,047 INFO stopped: dspaceAngular (terminated by SIGTERM)
2023-03-23 16:57:16,047 INFO reaped unknown pid 39
2023-03-23 16:57:16,047 INFO reaped unknown pid 10
2023-03-23 16:57:16,047 INFO reaped unknown pid 38
2023-03-23 16:57:16,951 CRIT Supervisor is running as root.  Privileges were not dropped because no user is specified in the config file.  If you intend to run as root, you can set user=root in the config file to avoid this message.
2023-03-23 16:57:16,955 INFO supervisord started with pid 1
2023-03-23 16:57:17,958 INFO spawned: 'dspaceAngular' with pid 8
2023-03-23 16:57:18,973 INFO success: dspaceAngular entered RUNNING state, process has stayed up for > than 1 seconds (startsecs)
2023-03-25 11:26:10,742 WARN received SIGTERM indicating exit request
2023-03-25 11:26:10,750 INFO waiting for dspaceAngular to die
2023-03-25 11:26:10,810 INFO stopped: dspaceAngular (terminated by SIGTERM)
2023-03-25 11:26:10,810 INFO reaped unknown pid 38
2023-03-25 11:26:10,810 INFO reaped unknown pid 9
2023-03-25 11:26:10,810 INFO reaped unknown pid 37
2023-03-25 11:26:12,317 CRIT Supervisor is running as root.  Privileges were not dropped because no user is specified in the config file.  If you intend to run as root, you can set user=root in the config file to avoid this message.
2023-03-25 11:26:12,325 INFO supervisord started with pid 1
2023-03-25 11:26:13,326 INFO spawned: 'dspaceAngular' with pid 8
2023-03-25 11:26:14,553 INFO success: dspaceAngular entered RUNNING state, process has stayed up for > than 1 seconds (startsecs)
